# JRE version: Java(TM) SE Runtime Environment (8.0_241-b07) (build 1.8.0_241-b07)
# Java VM: Java HotSpot(TM) 64-Bit Server VM (25.241-b07 mixed mode windows-amd64 compressed oops)
Heap:
 PSYoungGen      total 131584K, used 54696K [0x00000000f5580000, 0x0000000100000000, 0x0000000100000000)
  eden space 107008K, 28% used [0x00000000f5580000,0x00000000f7356c10,0x00000000fbe00000)
  from space 24576K, 98% used [0x00000000fbe00000,0x00000000fd5936c8,0x00000000fd600000)
  to   space 35840K, 0% used [0x00000000fdd00000,0x00000000fdd00000,0x0000000100000000)
 ParOldGen       total 349696K, used 292183K [0x00000000e0000000, 0x00000000f5580000, 0x00000000f5580000)
  object space 349696K, 83% used [0x00000000e0000000,0x00000000f1d55f60,0x00000000f5580000)
 Metaspace       used 90600K, capacity 99028K, committed 99200K, reserved 1134592K
  class space    used 12846K, capacity 14677K, committed 14720K, reserved 1048576K
GC Heap History (10 events):
Event: 83.435 GC heap before
{Heap before GC invocations=37 (full 4):
 PSYoungGen      total 136192K, used 102782K [0x00000000f5580000, 0x00000000ffd80000, 0x0000000100000000)
  eden space 99840K, 100% used [0x00000000f5580000,0x00000000fb700000,0x00000000fb700000)
  from space 36352K, 8% used [0x00000000fda00000,0x00000000fdcdf9e0,0x00000000ffd80000)
  to   space 35840K, 0% used [0x00000000fb700000,0x00000000fb700000,0x00000000fda00000)
 ParOldGen       total 349696K, used 253181K [0x00000000e0000000, 0x00000000f5580000, 0x00000000f5580000)
  object space 349696K, 72% used [0x00000000e0000000,0x00000000ef73f6a0,0x00000000f5580000)
 Metaspace       used 79971K, capacity 86062K, committed 86400K, reserved 1124352K
  class space    used 10980K, capacity 12308K, committed 12416K, reserved 1048576K
Event: 83.454 GC heap after
Heap after GC invocations=37 (full 4):
 PSYoungGen      total 135680K, used 10271K [0x00000000f5580000, 0x00000000ffa80000, 0x0000000100000000)
  eden space 99840K, 0% used [0x00000000f5580000,0x00000000f5580000,0x00000000fb700000)
  from space 35840K, 28% used [0x00000000fb700000,0x00000000fc107d80,0x00000000fda00000)
  to   space 33280K, 0% used [0x00000000fda00000,0x00000000fda00000,0x00000000ffa80000)
 ParOldGen       total 349696K, used 255137K [0x00000000e0000000, 0x00000000f5580000, 0x00000000f5580000)
  object space 349696K, 72% used [0x00000000e0000000,0x00000000ef928560,0x00000000f5580000)
 Metaspace       used 79971K, capacity 86062K, committed 86400K, reserved 1124352K
  class space    used 10980K, capacity 12308K, committed 12416K, reserved 1048576K
}
Event: 85.968 GC heap before
{Heap before GC invocations=38 (full 4):
 PSYoungGen      total 135680K, used 110111K [0x00000000f5580000, 0x00000000ffa80000, 0x0000000100000000)
  eden space 99840K, 100% used [0x00000000f5580000,0x00000000fb700000,0x00000000fb700000)
  from space 35840K, 28% used [0x00000000fb700000,0x00000000fc107d80,0x00000000fda00000)
  to   space 33280K, 0% used [0x00000000fda00000,0x00000000fda00000,0x00000000ffa80000)
 ParOldGen       total 349696K, used 255137K [0x00000000e0000000, 0x00000000f5580000, 0x00000000f5580000)
  object space 349696K, 72% used [0x00000000e0000000,0x00000000ef928560,0x00000000f5580000)
 Metaspace       used 80039K, capacity 86106K, committed 86400K, reserved 1124352K
  class space    used 10987K, capacity 12314K, committed 12416K, reserved 1048576K
Event: 86.018 GC heap after
Heap after GC invocations=38 (full 4):
 PSYoungGen      total 137216K, used 5141K [0x00000000f5580000, 0x00000000ffa80000, 0x0000000100000000)
  eden space 103936K, 0% used [0x00000000f5580000,0x00000000f5580000,0x00000000fbb00000)
  from space 33280K, 15% used [0x00000000fda00000,0x00000000fdf05508,0x00000000ffa80000)
  to   space 31744K, 0% used [0x00000000fbb00000,0x00000000fbb00000,0x00000000fda00000)
 ParOldGen       total 349696K, used 263289K [0x00000000e0000000, 0x00000000f5580000, 0x00000000f5580000)
  object space 349696K, 75% used [0x00000000e0000000,0x00000000f011e468,0x00000000f5580000)
 Metaspace       used 80039K, capacity 86106K, committed 86400K, reserved 1124352K
  class space    used 10987K, capacity 12314K, committed 12416K, reserved 1048576K
}
Event: 87.097 GC heap before
{Heap before GC invocations=39 (full 4):
 PSYoungGen      total 137216K, used 109077K [0x00000000f5580000, 0x00000000ffa80000, 0x0000000100000000)
  eden space 103936K, 100% used [0x00000000f5580000,0x00000000fbb00000,0x00000000fbb00000)
  from space 33280K, 15% used [0x00000000fda00000,0x00000000fdf05508,0x00000000ffa80000)
  to   space 31744K, 0% used [0x00000000fbb00000,0x00000000fbb00000,0x00000000fda00000)
 ParOldGen       total 349696K, used 263289K [0x00000000e0000000, 0x00000000f5580000, 0x00000000f5580000)
  object space 349696K, 75% used [0x00000000e0000000,0x00000000f011e468,0x00000000f5580000)
 Metaspace       used 80429K, capacity 86520K, committed 86656K, reserved 1124352K
  class space    used 11045K, capacity 12383K, committed 12416K, reserved 1048576K
Event: 87.114 GC heap after
Heap after GC invocations=39 (full 4):
 PSYoungGen      total 135680K, used 8085K [0x00000000f5580000, 0x00000000ffb80000, 0x0000000100000000)
  eden space 103936K, 0% used [0x00000000f5580000,0x00000000f5580000,0x00000000fbb00000)
  from space 31744K, 25% used [0x00000000fbb00000,0x00000000fc2e55e0,0x00000000fda00000)
  to   space 30208K, 0% used [0x00000000fde00000,0x00000000fde00000,0x00000000ffb80000)
 ParOldGen       total 349696K, used 266249K [0x00000000e0000000, 0x00000000f5580000, 0x00000000f5580000)
  object space 349696K, 76% used [0x00000000e0000000,0x00000000f04024e0,0x00000000f5580000)
 Metaspace       used 80429K, capacity 86520K, committed 86656K, reserved 1124352K
  class space    used 11045K, capacity 12383K, committed 12416K, reserved 1048576K
}
Event: 88.204 GC heap before
{Heap before GC invocations=40 (full 4):
 PSYoungGen      total 135680K, used 112021K [0x00000000f5580000, 0x00000000ffb80000, 0x0000000100000000)
  eden space 103936K, 100% used [0x00000000f5580000,0x00000000fbb00000,0x00000000fbb00000)
  from space 31744K, 25% used [0x00000000fbb00000,0x00000000fc2e55e0,0x00000000fda00000)
  to   space 30208K, 0% used [0x00000000fde00000,0x00000000fde00000,0x00000000ffb80000)
 ParOldGen       total 349696K, used 266249K [0x00000000e0000000, 0x00000000f5580000, 0x00000000f5580000)
  object space 349696K, 76% used [0x00000000e0000000,0x00000000f04024e0,0x00000000f5580000)
 Metaspace       used 83996K, capacity 91062K, committed 91264K, reserved 1128448K
  class space    used 11633K, capacity 13128K, committed 13184K, reserved 1048576K
Event: 88.248 GC heap after
Heap after GC invocations=40 (full 4):
 PSYoungGen      total 137216K, used 22857K [0x00000000f5580000, 0x0000000100000000, 0x0000000100000000)
  eden space 107008K, 0% used [0x00000000f5580000,0x00000000f5580000,0x00000000fbe00000)
  from space 30208K, 75% used [0x00000000fde00000,0x00000000ff4527b0,0x00000000ffb80000)
  to   space 32768K, 0% used [0x00000000fbe00000,0x00000000fbe00000,0x00000000fde00000)
 ParOldGen       total 349696K, used 273827K [0x00000000e0000000, 0x00000000f5580000, 0x00000000f5580000)
  object space 349696K, 78% used [0x00000000e0000000,0x00000000f0b68cc8,0x00000000f5580000)
 Metaspace       used 83996K, capacity 91062K, committed 91264K, reserved 1128448K
  class space    used 11633K, capacity 13128K, committed 13184K, reserved 1048576K
}
Event: 90.274 GC heap before
{Heap before GC invocations=41 (full 4):
 PSYoungGen      total 137216K, used 129865K [0x00000000f5580000, 0x0000000100000000, 0x0000000100000000)
  eden space 107008K, 100% used [0x00000000f5580000,0x00000000fbe00000,0x00000000fbe00000)
  from space 30208K, 75% used [0x00000000fde00000,0x00000000ff4527b0,0x00000000ffb80000)
  to   space 32768K, 0% used [0x00000000fbe00000,0x00000000fbe00000,0x00000000fde00000)
 ParOldGen       total 349696K, used 273827K [0x00000000e0000000, 0x00000000f5580000, 0x00000000f5580000)
  object space 349696K, 78% used [0x00000000e0000000,0x00000000f0b68cc8,0x00000000f5580000)
 Metaspace       used 89329K, capacity 97574K, committed 97792K, reserved 1132544K
  class space    used 12696K, capacity 14494K, committed 14592K, reserved 1048576K
Event: 90.309 GC heap after
Heap after GC invocations=41 (full 4):
 PSYoungGen      total 131584K, used 24141K [0x00000000f5580000, 0x0000000100000000, 0x0000000100000000)
  eden space 107008K, 0% used [0x00000000f5580000,0x00000000f5580000,0x00000000fbe00000)
  from space 24576K, 98% used [0x00000000fbe00000,0x00000000fd5936c8,0x00000000fd600000)
  to   space 35840K, 0% used [0x00000000fdd00000,0x00000000fdd00000,0x0000000100000000)
 ParOldGen       total 349696K, used 292183K [0x00000000e0000000, 0x00000000f5580000, 0x00000000f5580000)
  object space 349696K, 83% used [0x00000000e0000000,0x00000000f1d55f60,0x00000000f5580000)
 Metaspace       used 89329K, capacity 97574K, committed 97792K, reserved 1132544K
  class space    used 12696K, capacity 14494K, committed 14592K, reserved 1048576K
}

